<?xml version="1.0" encoding="UTF-8"?>
<testsuite xmlns:xsi="http://www.w3.org/2001/XMLSchema-instance" xsi:noNamespaceSchemaLocation="https://maven.apache.org/surefire/maven-surefire-plugin/xsd/surefire-test-report.xsd" version="3.0.2" name="com.ynov.reactivepipeline.service.OrderServiceTest" time="6.417" tests="6" errors="0" skipped="0" failures="0">
  <properties>
[...]
</properties>
  <testcase name="test_processOrderWithErrors" classname="com.ynov.reactivepipeline.service.OrderServiceTest" time="0.502">
    <system-out><![CDATA[2026-03-05 11:29:26,702 INFO  [com.yno.rea.ser.OrderService] (main) Request validated for customer=CUST001
2026-03-05 11:29:26,740 INFO  [com.yno.rea.ser.OrderService] (main) Processing productId=PROD001
2026-03-05 11:29:26,741 INFO  [com.yno.rea.ser.OrderService] (main) Processing productId=PROD002
2026-03-05 11:29:26,741 INFO  [com.yno.rea.ser.OrderService] (main) Processing productId=PROD003
2026-03-05 11:29:26,741 INFO  [com.yno.rea.ser.OrderService] (main) Processing productId=PROD004
2026-03-05 11:29:26,868 WARN  [com.yno.rea.ser.OrderService] (parallel-2) Skipping productId=PROD003 due to error: Simulated repository error for: PROD003
2026-03-05 11:29:26,869 WARN  [com.yno.rea.ser.OrderService] (parallel-2) Skipping productId=PROD001 due to error: Simulated repository error for: PROD001
2026-03-05 11:29:26,974 INFO  [com.yno.rea.ser.OrderService] (parallel-3) Product available with stock: PROD002
2026-03-05 11:29:26,974 INFO  [com.yno.rea.ser.OrderService] (parallel-3) Discount applied for product=PROD002, finalPrice=45.00
2026-03-05 11:29:27,005 INFO  [com.yno.rea.ser.OrderService] (parallel-3) Order completed orderId=3ac86f81-27eb-4541-ad72-4138f0c3d5ca, productCount=1
2026-03-05 11:29:27,065 INFO  [com.yno.rea.ser.OrderService] (parallel-3) Order pipeline finished with signal=onComplete
]]></system-out>
  </testcase>
  <testcase name="test_processOrderSuccess" classname="com.ynov.reactivepipeline.service.OrderServiceTest" time="0.218">
    <system-out><![CDATA[2026-03-05 11:29:27,073 INFO  [com.yno.rea.ser.OrderService] (main) Request validated for customer=CUST001
2026-03-05 11:29:27,073 INFO  [com.yno.rea.ser.OrderService] (main) Processing productId=PROD001
2026-03-05 11:29:27,073 INFO  [com.yno.rea.ser.OrderService] (main) Processing productId=PROD002
2026-03-05 11:29:27,286 INFO  [com.yno.rea.ser.OrderService] (parallel-8) Product available with stock: PROD002
2026-03-05 11:29:27,286 INFO  [com.yno.rea.ser.OrderService] (parallel-9) Product available with stock: PROD001
2026-03-05 11:29:27,286 INFO  [com.yno.rea.ser.OrderService] (parallel-8) Discount applied for product=PROD002, finalPrice=45.00
2026-03-05 11:29:27,286 INFO  [com.yno.rea.ser.OrderService] (parallel-8) Discount applied for product=PROD001, finalPrice=1080.00
2026-03-05 11:29:27,287 INFO  [com.yno.rea.ser.OrderService] (parallel-8) Order completed orderId=bc8b1f86-27bb-43a8-b760-dd3ec7f47759, productCount=2
2026-03-05 11:29:27,290 INFO  [com.yno.rea.ser.OrderService] (parallel-8) Order pipeline finished with signal=onComplete
]]></system-out>
  </testcase>
  <testcase name="test_processOrderWithDiscounts" classname="com.ynov.reactivepipeline.service.OrderServiceTest" time="0.217">
    <system-out><![CDATA[2026-03-05 11:29:27,291 INFO  [com.yno.rea.ser.OrderService] (main) Request validated for customer=CUST001
2026-03-05 11:29:27,291 INFO  [com.yno.rea.ser.OrderService] (main) Processing productId=PROD001
2026-03-05 11:29:27,291 INFO  [com.yno.rea.ser.OrderService] (main) Processing productId=PROD003
2026-03-05 11:29:27,503 INFO  [com.yno.rea.ser.OrderService] (parallel-1) Product available with stock: PROD001
2026-03-05 11:29:27,503 INFO  [com.yno.rea.ser.OrderService] (parallel-2) Product available with stock: PROD003
2026-03-05 11:29:27,503 INFO  [com.yno.rea.ser.OrderService] (parallel-1) Discount applied for product=PROD001, finalPrice=1080.00
2026-03-05 11:29:27,503 INFO  [com.yno.rea.ser.OrderService] (parallel-1) Discount applied for product=PROD003, finalPrice=11.40
2026-03-05 11:29:27,503 INFO  [com.yno.rea.ser.OrderService] (parallel-1) Order completed orderId=8bc68acb-2157-44e7-b405-38e20b503c07, productCount=2
2026-03-05 11:29:27,507 INFO  [com.yno.rea.ser.OrderService] (parallel-1) Order pipeline finished with signal=onComplete
]]></system-out>
  </testcase>
  <testcase name="test_processOrderWithInvalidIds" classname="com.ynov.reactivepipeline.service.OrderServiceTest" time="0.231">
    <system-out><![CDATA[2026-03-05 11:29:27,509 INFO  [com.yno.rea.ser.OrderService] (main) Request validated for customer=CUST001
2026-03-05 11:29:27,510 INFO  [com.yno.rea.ser.OrderService] (main) Processing productId=PROD001
2026-03-05 11:29:27,510 INFO  [com.yno.rea.ser.OrderService] (main) Processing productId=UNKNOWN
2026-03-05 11:29:27,510 INFO  [com.yno.rea.ser.OrderService] (main) Processing productId=PROD003
2026-03-05 11:29:27,626 WARN  [com.yno.rea.ser.OrderService] (parallel-5) Skipping productId=UNKNOWN due to error: Product not found: UNKNOWN
2026-03-05 11:29:27,736 INFO  [com.yno.rea.ser.OrderService] (parallel-8) Product available with stock: PROD001
2026-03-05 11:29:27,736 INFO  [com.yno.rea.ser.OrderService] (parallel-7) Product available with stock: PROD003
2026-03-05 11:29:27,737 INFO  [com.yno.rea.ser.OrderService] (parallel-8) Discount applied for product=PROD001, finalPrice=1080.00
2026-03-05 11:29:27,737 INFO  [com.yno.rea.ser.OrderService] (parallel-8) Discount applied for product=PROD003, finalPrice=11.40
2026-03-05 11:29:27,737 INFO  [com.yno.rea.ser.OrderService] (parallel-8) Order completed orderId=7fcd1067-348d-4c4c-bc75-6b58b70d4632, productCount=2
2026-03-05 11:29:27,739 INFO  [com.yno.rea.ser.OrderService] (parallel-8) Order pipeline finished with signal=onComplete
]]></system-out>
  </testcase>
  <testcase name="test_processOrderTimeout" classname="com.ynov.reactivepipeline.service.OrderServiceTest" time="5.011">
    <system-out><![CDATA[2026-03-05 11:29:27,740 INFO  [com.yno.rea.ser.OrderService] (main) Request validated for customer=CUST001
2026-03-05 11:29:27,741 INFO  [com.yno.rea.ser.OrderService] (main) Processing productId=PROD001
2026-03-05 11:29:32,749 ERROR [com.yno.rea.ser.OrderService] (parallel-9) Order processing error: java.util.concurrent.TimeoutException: Did not observe any item or terminal signal within 5000ms in 'peek' (and no fallback has been configured)
	at reactor.core.publisher.FluxTimeout$TimeoutMainSubscriber.handleTimeout(FluxTimeout.java:296)
	at reactor.core.publisher.FluxTimeout$TimeoutMainSubscriber.doTimeout(FluxTimeout.java:281)
	at reactor.core.publisher.FluxTimeout$TimeoutTimeoutSubscriber.onNext(FluxTimeout.java:420)
	at reactor.core.publisher.FluxOnErrorReturn$ReturnSubscriber.onNext(FluxOnErrorReturn.java:162)
	at reactor.core.publisher.MonoDelay$MonoDelayRunnable.propagateDelay(MonoDelay.java:270)
	at reactor.core.publisher.MonoDelay$MonoDelayRunnable.run(MonoDelay.java:285)
	at reactor.core.scheduler.SchedulerTask.call(SchedulerTask.java:68)
	at reactor.core.scheduler.SchedulerTask.call(SchedulerTask.java:28)
	at java.base/java.util.concurrent.FutureTask.run(FutureTask.java:317)
	at java.base/java.util.concurrent.ScheduledThreadPoolExecutor$ScheduledFutureTask.run(ScheduledThreadPoolExecutor.java:304)
	at java.base/java.util.concurrent.ThreadPoolExecutor.runWorker(ThreadPoolExecutor.java:1144)
	at java.base/java.util.concurrent.ThreadPoolExecutor$Worker.run(ThreadPoolExecutor.java:642)
	at java.base/java.lang.Thread.run(Thread.java:1583)

2026-03-05 11:29:32,750 ERROR [com.yno.rea.ser.OrderService] (parallel-9) Creating FAILED order due to: Did not observe any item or terminal signal within 5000ms in 'peek' (and no fallback has been configured)
2026-03-05 11:29:32,751 INFO  [com.yno.rea.ser.OrderService] (parallel-9) Order pipeline finished with signal=onComplete
]]></system-out>
  </testcase>
  <testcase name="test_processOrderWithoutStock" classname="com.ynov.reactivepipeline.service.OrderServiceTest" time="0.217">
    <system-out><![CDATA[2026-03-05 11:29:32,753 INFO  [com.yno.rea.ser.OrderService] (main) Request validated for customer=CUST001
2026-03-05 11:29:32,753 INFO  [com.yno.rea.ser.OrderService] (main) Processing productId=PROD004
2026-03-05 11:29:32,753 INFO  [com.yno.rea.ser.OrderService] (main) Processing productId=PROD005
2026-03-05 11:29:32,753 INFO  [com.yno.rea.ser.OrderService] (main) Processing productId=PROD003
2026-03-05 11:29:32,968 INFO  [com.yno.rea.ser.OrderService] (parallel-3) Product available with stock: PROD003
2026-03-05 11:29:32,968 INFO  [com.yno.rea.ser.OrderService] (parallel-3) Discount applied for product=PROD003, finalPrice=11.40
2026-03-05 11:29:32,968 INFO  [com.yno.rea.ser.OrderService] (parallel-3) Order completed orderId=54be4d5a-2a1a-4fd1-a09b-3a8aba80b405, productCount=1
2026-03-05 11:29:32,968 INFO  [com.yno.rea.ser.OrderService] (parallel-3) Order pipeline finished with signal=onComplete
]]></system-out>
  </testcase>
</testsuite>